# JRE version: OpenJDK Runtime Environment JBR-17.0.10+7-1000.50-jcef (17.0.10+7) (build 17.0.10+7-b1000.50)
# Java VM: OpenJDK 64-Bit Server VM JBR-17.0.10+7-1000.50-jcef (17.0.10+7-b1000.50, mixed mode, emulated-client, tiered, compressed oops, compressed class ptrs, g1 gc, windows-amd64)
GC Precious Log:
 CPUs: 4 total, 4 available
 Memory: 12156M
 Large Page Support: Disabled
 NUMA Support: Disabled
 Compressed Oops: Enabled (Zero based)
 Heap Region Size: 2M
 Heap Min Capacity: 8M
 Heap Initial Capacity: 190M
 Heap Max Capacity: 3040M
 Pre-touch: Disabled
 Parallel Workers: 4
 Concurrent Workers: 1
 Concurrent Refinement Workers: 4
 Periodic GC: Disabled
Heap:
 garbage-first heap   total 69632K, used 39612K [0x0000000742000000, 0x0000000800000000)
  region size 2048K, 10 young (20480K), 2 survivors (4096K)
 Metaspace       used 55758K, committed 56192K, reserved 1114112K
  class space    used 7474K, committed 7680K, reserved 1048576K
GC Heap History (20 events):
Event: 4.312 GC heap before
{Heap before GC invocations=6 (full 0):
 garbage-first heap   total 49152K, used 13327K [0x0000000742000000, 0x0000000800000000)
  region size 2048K, 3 young (6144K), 2 survivors (4096K)
 Metaspace       used 26779K, committed 27072K, reserved 1114112K
  class space    used 3363K, committed 3520K, reserved 1048576K
}
Event: 4.320 GC heap after
{Heap after GC invocations=7 (full 0):
 garbage-first heap   total 49152K, used 11488K [0x0000000742000000, 0x0000000800000000)
  region size 2048K, 1 young (2048K), 1 survivors (2048K)
 Metaspace       used 26779K, committed 27072K, reserved 1114112K
  class space    used 3363K, committed 3520K, reserved 1048576K
}
Event: 4.879 GC heap before
{Heap before GC invocations=7 (full 0):
 garbage-first heap   total 49152K, used 27872K [0x0000000742000000, 0x0000000800000000)
  region size 2048K, 10 young (20480K), 1 survivors (2048K)
 Metaspace       used 29850K, committed 30144K, reserved 1114112K
  class space    used 3710K, committed 3840K, reserved 1048576K
}
Event: 4.884 GC heap after
{Heap after GC invocations=8 (full 0):
 garbage-first heap   total 49152K, used 12773K [0x0000000742000000, 0x0000000800000000)
  region size 2048K, 1 young (2048K), 1 survivors (2048K)
 Metaspace       used 29850K, committed 30144K, reserved 1114112K
  class space    used 3710K, committed 3840K, reserved 1048576K
}
Event: 5.874 GC heap before
{Heap before GC invocations=8 (full 0):
 garbage-first heap   total 49152K, used 29157K [0x0000000742000000, 0x0000000800000000)
  region size 2048K, 10 young (20480K), 1 survivors (2048K)
 Metaspace       used 32441K, committed 32704K, reserved 1114112K
  class space    used 4091K, committed 4224K, reserved 1048576K
}
Event: 5.880 GC heap after
{Heap after GC invocations=9 (full 0):
 garbage-first heap   total 49152K, used 14656K [0x0000000742000000, 0x0000000800000000)
  region size 2048K, 2 young (4096K), 2 survivors (4096K)
 Metaspace       used 32441K, committed 32704K, reserved 1114112K
  class space    used 4091K, committed 4224K, reserved 1048576K
}
Event: 6.677 GC heap before
{Heap before GC invocations=9 (full 0):
 garbage-first heap   total 49152K, used 31040K [0x0000000742000000, 0x0000000800000000)
  region size 2048K, 11 young (22528K), 2 survivors (4096K)
 Metaspace       used 33744K, committed 34112K, reserved 1114112K
  class space    used 4298K, committed 4480K, reserved 1048576K
}
Event: 6.685 GC heap after
{Heap after GC invocations=10 (full 0):
 garbage-first heap   total 49152K, used 15916K [0x0000000742000000, 0x0000000800000000)
  region size 2048K, 2 young (4096K), 2 survivors (4096K)
 Metaspace       used 33744K, committed 34112K, reserved 1114112K
  class space    used 4298K, committed 4480K, reserved 1048576K
}
Event: 7.295 GC heap before
{Heap before GC invocations=10 (full 0):
 garbage-first heap   total 49152K, used 32300K [0x0000000742000000, 0x0000000800000000)
  region size 2048K, 10 young (20480K), 2 survivors (4096K)
 Metaspace       used 35758K, committed 36096K, reserved 1114112K
  class space    used 4575K, committed 4736K, reserved 1048576K
}
Event: 7.302 GC heap after
{Heap after GC invocations=11 (full 0):
 garbage-first heap   total 49152K, used 17095K [0x0000000742000000, 0x0000000800000000)
  region size 2048K, 2 young (4096K), 2 survivors (4096K)
 Metaspace       used 35758K, committed 36096K, reserved 1114112K
  class space    used 4575K, committed 4736K, reserved 1048576K
}
Event: 7.399 GC heap before
{Heap before GC invocations=11 (full 0):
 garbage-first heap   total 49152K, used 19143K [0x0000000742000000, 0x0000000800000000)
  region size 2048K, 4 young (8192K), 2 survivors (4096K)
 Metaspace       used 35936K, committed 36288K, reserved 1114112K
  class space    used 4604K, committed 4736K, reserved 1048576K
}
Event: 7.405 GC heap after
{Heap after GC invocations=12 (full 0):
 garbage-first heap   total 79872K, used 17572K [0x0000000742000000, 0x0000000800000000)
  region size 2048K, 1 young (2048K), 1 survivors (2048K)
 Metaspace       used 35936K, committed 36288K, reserved 1114112K
  class space    used 4604K, committed 4736K, reserved 1048576K
}
Event: 8.730 GC heap before
{Heap before GC invocations=13 (full 0):
 garbage-first heap   total 69632K, used 56484K [0x0000000742000000, 0x0000000800000000)
  region size 2048K, 20 young (40960K), 1 survivors (2048K)
 Metaspace       used 40941K, committed 41344K, reserved 1114112K
  class space    used 5402K, committed 5632K, reserved 1048576K
}
Event: 8.739 GC heap after
{Heap after GC invocations=14 (full 0):
 garbage-first heap   total 69632K, used 20749K [0x0000000742000000, 0x0000000800000000)
  region size 2048K, 3 young (6144K), 3 survivors (6144K)
 Metaspace       used 40941K, committed 41344K, reserved 1114112K
  class space    used 5402K, committed 5632K, reserved 1048576K
}
Event: 8.831 GC heap before
{Heap before GC invocations=14 (full 0):
 garbage-first heap   total 69632K, used 22797K [0x0000000742000000, 0x0000000800000000)
  region size 2048K, 4 young (8192K), 3 survivors (6144K)
 Metaspace       used 41415K, committed 41792K, reserved 1114112K
  class space    used 5455K, committed 5632K, reserved 1048576K
}
Event: 8.841 GC heap after
{Heap after GC invocations=15 (full 0):
 garbage-first heap   total 69632K, used 21060K [0x0000000742000000, 0x0000000800000000)
  region size 2048K, 1 young (2048K), 1 survivors (2048K)
 Metaspace       used 41415K, committed 41792K, reserved 1114112K
  class space    used 5455K, committed 5632K, reserved 1048576K
}
Event: 9.743 GC heap before
{Heap before GC invocations=15 (full 0):
 garbage-first heap   total 69632K, used 49732K [0x0000000742000000, 0x0000000800000000)
  region size 2048K, 15 young (30720K), 1 survivors (2048K)
 Metaspace       used 45122K, committed 45504K, reserved 1114112K
  class space    used 5916K, committed 6080K, reserved 1048576K
}
Event: 9.749 GC heap after
{Heap after GC invocations=16 (full 0):
 garbage-first heap   total 69632K, used 22780K [0x0000000742000000, 0x0000000800000000)
  region size 2048K, 2 young (4096K), 2 survivors (4096K)
 Metaspace       used 45122K, committed 45504K, reserved 1114112K
  class space    used 5916K, committed 6080K, reserved 1048576K
}
Event: 10.807 GC heap before
{Heap before GC invocations=16 (full 0):
 garbage-first heap   total 69632K, used 47356K [0x0000000742000000, 0x0000000800000000)
  region size 2048K, 15 young (30720K), 2 survivors (4096K)
 Metaspace       used 52079K, committed 52544K, reserved 1114112K
  class space    used 6844K, committed 7104K, reserved 1048576K
}
Event: 10.815 GC heap after
{Heap after GC invocations=17 (full 0):
 garbage-first heap   total 69632K, used 25276K [0x0000000742000000, 0x0000000800000000)
  region size 2048K, 2 young (4096K), 2 survivors (4096K)
 Metaspace       used 52079K, committed 52544K, reserved 1114112K
  class space    used 6844K, committed 7104K, reserved 1048576K
}

